\BOOKMARK [1][-]{section.1}{\376\377\000a\000l\000l\000o\000c\000a\000t\000o\000r}{}% 1
\BOOKMARK [2][-]{subsection.1.1}{\376\377\121\205\133\130\122\006\221\115}{section.1}% 2
\BOOKMARK [3][-]{subsubsection.1.1.1}{\376\377\173\054\116\000\176\247\221\115\177\156\126\150}{subsection.1.1}% 3
\BOOKMARK [3][-]{subsubsection.1.1.2}{\376\377\173\054\116\214\176\247\221\115\177\156\126\150}{subsection.1.1}% 4
\BOOKMARK [2][-]{subsection.1.2}{\376\377\133\371\214\141\147\204\220\040}{section.1}% 5
\BOOKMARK [2][-]{subsection.1.3}{\376\377\133\371\214\141\147\220\147\204}{section.1}% 6
\BOOKMARK [2][-]{subsection.1.4}{\376\377\145\160\143\156\122\035\131\313\123\026}{section.1}% 7
\BOOKMARK [2][-]{subsection.1.5}{\376\377\121\205\133\130\126\336\145\066}{section.1}% 8
\BOOKMARK [1][-]{section.2}{\376\377\217\355\116\343\126\150\116\016\000t\000r\000a\000i\000t\000s}{}% 9
\BOOKMARK [2][-]{subsection.2.1}{\376\377\217\355\116\343\126\150\122\006\174\173}{section.2}% 10
\BOOKMARK [2][-]{subsection.2.2}{\376\377\000t\000r\000a\000i\000t\000s\122\044\145\255\000P\000O\000D}{section.2}% 11
\BOOKMARK [1][-]{section.3}{\376\377\136\217\122\027\133\271\126\150}{}% 12
\BOOKMARK [2][-]{subsection.3.1}{\376\377\000v\000e\000c\000t\000o\000r}{section.3}% 13
\BOOKMARK [2][-]{subsection.3.2}{\376\377\000l\000i\000s\000t}{section.3}% 14
\BOOKMARK [2][-]{subsection.3.3}{\376\377\000d\000e\000q\000u\000e}{section.3}% 15
\BOOKMARK [2][-]{subsection.3.4}{\376\377\000s\000t\000a\000c\000k}{section.3}% 16
\BOOKMARK [2][-]{subsection.3.5}{\376\377\000q\000u\000e\000u\000e}{section.3}% 17
\BOOKMARK [2][-]{subsection.3.6}{\376\377\000p\000r\000i\000o\000r\000i\000t\000y\000\137\000q\000u\000e\000u\000e}{section.3}% 18
\BOOKMARK [2][-]{subsection.3.7}{\376\377\000s\000l\000i\000s\000t}{section.3}% 19
\BOOKMARK [1][-]{section.4}{\376\377\121\163\200\124\137\017\133\271\126\150}{}% 20
\BOOKMARK [2][-]{subsection.4.1}{\376\377\000R\000B\000\040\000T\000r\000e\000e}{section.4}% 21
\BOOKMARK [2][-]{subsection.4.2}{\376\377\000s\000e\000t}{section.4}% 22
\BOOKMARK [2][-]{subsection.4.3}{\376\377\000m\000a\000p}{section.4}% 23
\BOOKMARK [2][-]{subsection.4.4}{\376\377\000m\000u\000l\000t\000i\000s\000e\000t}{section.4}% 24
\BOOKMARK [2][-]{subsection.4.5}{\376\377\000m\000u\000l\000t\000i\000m\000a\000p}{section.4}% 25
\BOOKMARK [2][-]{subsection.4.6}{\376\377\000h\000a\000s\000h\000\137\000t\000a\000b\000l\000e}{section.4}% 26
\BOOKMARK [3][-]{subsubsection.4.6.1}{\376\377\000h\000a\000s\000h\000\137\000t\000a\000b\000l\000e\121\205\133\130\122\006\221\115\173\126\165\145}{subsection.4.6}% 27
\BOOKMARK [2][-]{subsection.4.7}{\376\377\000h\000a\000s\000h\000\137\000s\000e\000t}{section.4}% 28
\BOOKMARK [2][-]{subsection.4.8}{\376\377\000h\000a\000s\000h\000\137\000m\000a\000p}{section.4}% 29
\BOOKMARK [2][-]{subsection.4.9}{\376\377\000h\000a\000s\000h\000\137\000m\000u\000l\000t\000i\000s\000e\000t}{section.4}% 30
\BOOKMARK [2][-]{subsection.4.10}{\376\377\000h\000a\000s\000h\000\137\000m\000u\000l\000t\000i\000m\000a\000p}{section.4}% 31
\BOOKMARK [1][-]{section.5}{\376\377\000s\000o\000m\000e\000\040\000a\000l\000g\000o\000r\000i\000t\000h\000m}{}% 32
\BOOKMARK [2][-]{subsection.5.1}{\376\377\000c\000o\000p\000y}{section.5}% 33
\BOOKMARK [1][-]{section.6}{\376\377\000a\000d\000a\000p\000t\000e\000r}{}% 34
